
**** Build of configuration Debug for project Motor Driver 12V Supply ****

"C:\\ti\\ccsv6\\utils\\bin\\gmake" -k all 
'Building file: ../main.c'
'Invoking: MSP430 Compiler'
"C:/ti/ccsv6/tools/compiler/ti-cgt-msp430_4.4.7/bin/cl430" -vmspx --abi=eabi --use_hw_mpy=F5 --include_path="C:/ti/ccsv6/ccs_base/msp430/include" --include_path="C:/ti/ccsv6/tools/compiler/ti-cgt-msp430_4.4.7/include" --advice:power=all -g --define=__MSP430FR5739__ --diag_warning=225 --diag_wrap=off --display_error_number --silicon_errata=CPU21 --silicon_errata=CPU22 --silicon_errata=CPU40 --printf_support=minimal --preproc_with_compile --preproc_dependency="main.pp"  "../main.c"
'Finished building: ../main.c'
' '
'Building target: Motor Driver 12V Supply.out'
'Invoking: MSP430 Linker'
"C:/ti/ccsv6/tools/compiler/ti-cgt-msp430_4.4.7/bin/cl430" -vmspx --abi=eabi --use_hw_mpy=F5 --advice:power=all -g --define=__MSP430FR5739__ --diag_warning=225 --diag_wrap=off --display_error_number --silicon_errata=CPU21 --silicon_errata=CPU22 --silicon_errata=CPU40 --printf_support=minimal -z -m"Motor Driver 12V Supply.map" --heap_size=160 --stack_size=160 --cinit_hold_wdt=on -i"C:/ti/ccsv6/ccs_base/msp430/include" -i"C:/ti/ccsv6/ccs_base/msp430/lib/5xx_6xx_FRxx" -i"C:/ti/ccsv6/tools/compiler/ti-cgt-msp430_4.4.7/lib" -i"C:/ti/ccsv6/tools/compiler/ti-cgt-msp430_4.4.7/include" --reread_libs --warn_sections --diag_wrap=off --display_error_number --xml_link_info="Motor Driver 12V Supply_linkInfo.xml" --use_hw_mpy=F5 --rom_model -o "Motor Driver 12V Supply.out" "./main.obj" "../lnk_msp430fr5739.cmd"  -l"libmath.a" -l"libc.a" 
<Linking>
remark #10371-D: (ULP 1.1) Detected no uses of low power mode state changing instructions
remark #10372-D: (ULP 4.1) Detected uninitialized Port A in this project. Recommend initializing all unused ports to eliminate wasted current consumption on unused pins.
remark #10372-D: (ULP 4.1) Detected uninitialized Port B in this project. Recommend initializing all unused ports to eliminate wasted current consumption on unused pins.
'Finished building target: Motor Driver 12V Supply.out'
' '

**** Build Finished ****

**** Build of configuration Debug for project Motor Driver 12V Supply ****

"C:\\ti\\ccsv6\\utils\\bin\\gmake" -k all 
gmake: Nothing to be done for `all'.

**** Build Finished ****

**** Build of configuration Debug for project Motor Driver 12V Supply ****

"C:\\ti\\ccsv6\\utils\\bin\\gmake" -k all 
gmake: Nothing to be done for `all'.

**** Build Finished ****

**** Build of configuration Debug for project Motor Driver 12V Supply ****

"C:\\ti\\ccsv6\\utils\\bin\\gmake" -k all 
gmake: Nothing to be done for `all'.

**** Build Finished ****
